build/app/intermediates/manifest_merge_blame_file/debug/manifest-merger-blame-debug-report.txt
1<?xml version="1.0" encoding="utf-8"?>
2<manifest xmlns:android="http://schemas.android.com/apk/res/android"
3    package="com.example.dailylog"
4    android:versionCode="1"
5    android:versionName="1.0.0" >
6
7    <uses-sdk
8        android:minSdkVersion="19"
9        android:targetSdkVersion="33" />
10    <!--
11         The INTERNET permission is required for development. Specifically,
12         the Flutter tool needs it to communicate with the running application
13         to allow setting breakpoints, to provide hot reload, etc.
14    -->
15    <uses-permission android:name="android.permission.INTERNET" />
15-->src\debug\AndroidManifest.xml:6:5-66
15-->src\debug\AndroidManifest.xml:6:22-64
16
17    <application
17-->src\main\AndroidManifest.xml:2:5-31:19
18        android:appComponentFactory="androidx.core.app.CoreComponentFactory"
18-->[androidx.core:core:1.6.0] AndroidManifest.xml:24:18-86
19        android:debuggable="true"
20        android:icon="@mipmap/ic_launcher"
20-->src\main\AndroidManifest.xml:4:9-43
21        android:label="DailyLog" >
21-->src\main\AndroidManifest.xml:3:9-33
22        <activity
22-->src\main\AndroidManifest.xml:5:9-25:20
23            android:name="com.example.dailylog.MainActivity"
23-->src\main\AndroidManifest.xml:6:13-41
24            android:configChanges="orientation|keyboardHidden|keyboard|screenSize|smallestScreenSize|locale|layoutDirection|fontScale|screenLayout|density|uiMode"
24-->src\main\AndroidManifest.xml:10:13-163
25            android:exported="true"
25-->src\main\AndroidManifest.xml:7:13-36
26            android:hardwareAccelerated="true"
26-->src\main\AndroidManifest.xml:11:13-47
27            android:launchMode="singleTop"
27-->src\main\AndroidManifest.xml:8:13-43
28            android:theme="@style/LaunchTheme"
28-->src\main\AndroidManifest.xml:9:13-47
29            android:windowSoftInputMode="adjustResize" >
29-->src\main\AndroidManifest.xml:12:13-55
30
31            <!--
32                 Specifies an Android theme to apply to this Activity as soon as
33                 the Android process has started. This theme is visible to the user
34                 while the Flutter UI initializes. After that, this theme continues
35                 to determine the Window background behind the Flutter UI.
36            -->
37            <meta-data
37-->src\main\AndroidManifest.xml:17:13-20:17
38                android:name="io.flutter.embedding.android.NormalTheme"
38-->src\main\AndroidManifest.xml:18:15-70
39                android:resource="@style/NormalTheme" />
39-->src\main\AndroidManifest.xml:19:15-52
40
41            <intent-filter>
41-->src\main\AndroidManifest.xml:21:13-24:29
42                <action android:name="android.intent.action.MAIN" />
42-->src\main\AndroidManifest.xml:22:17-68
42-->src\main\AndroidManifest.xml:22:25-66
43
44                <category android:name="android.intent.category.LAUNCHER" />
44-->src\main\AndroidManifest.xml:23:17-76
44-->src\main\AndroidManifest.xml:23:27-74
45            </intent-filter>
46        </activity>
47        <!--
48             Don't delete the meta-data below.
49             This is used by the Flutter tool to generate GeneratedPluginRegistrant.java
50        -->
51        <meta-data
51-->src\main\AndroidManifest.xml:28:9-30:33
52            android:name="flutterEmbedding"
52-->src\main\AndroidManifest.xml:29:13-44
53            android:value="2" />
53-->src\main\AndroidManifest.xml:30:13-30
54
55        <uses-library
55-->[androidx.window:window:1.0.0-beta04] AndroidManifest.xml:25:9-27:40
56            android:name="androidx.window.extensions"
56-->[androidx.window:window:1.0.0-beta04] AndroidManifest.xml:26:13-54
57            android:required="false" />
57-->[androidx.window:window:1.0.0-beta04] AndroidManifest.xml:27:13-37
58        <uses-library
58-->[androidx.window:window:1.0.0-beta04] AndroidManifest.xml:28:9-30:40
59            android:name="androidx.window.sidecar"
59-->[androidx.window:window:1.0.0-beta04] AndroidManifest.xml:29:13-51
60            android:required="false" />
60-->[androidx.window:window:1.0.0-beta04] AndroidManifest.xml:30:13-37
61    </application>
62
63</manifest>